<?xml version="1.0" encoding="UTF-8"?>
<!-- Generated by org.testng.reporters.JUnitReportReporter -->
<testsuite hostname="LAPTOP-6IBDOUCS" failures="0" tests="1" name="test.Basisday1" time="0.014" errors="0" timestamp="2022-09-16T00:33:51 IST" skipped="0">
  <testcase classname="test.Basisday1" name="Demo" time="0.014"/>
  <system-out/>
</testsuite> <!-- test.Basisday1 -->
