<?xml version="1.0" encoding="UTF-8"?>
<!-- Generated by org.testng.reporters.JUnitReportReporter -->
<testsuite hostname="LAPTOP-6IBDOUCS" failures="0" tests="1" name="test.day4" time="0.002" errors="0" timestamp="2022-09-14T01:18:41 IST" skipped="0">
  <testcase classname="test.day4" name="WebLoginHomeLoan" time="0.002"/>
  <system-out/>
</testsuite> <!-- test.day4 -->
